<?xml version="1.0" encoding="UTF-8"?>
<!-- Generated by org.testng.reporters.JUnitXMLReporter -->
<testsuite hostname="AR-IT12014B" name="My first test" tests="1" failures="0" timestamp="27 May 2019 16:57:22 GMT" time="0.017" errors="0">
  <testcase name="@BeforeSuite beforeSuite" time="0.0" classname="com.automation.training.tests.BookingTest">
    <failure type="org.testng.TestNGException" message="
Parameter &amp;apos;browser&amp;apos; is required by @Configuration on method beforeSuite but has not been marked @Optional or defined
in C:\Users\nicolas.monetto\nicoself\Suite">
      <![CDATA[org.testng.TestNGException: 
Parameter 'browser' is required by @Configuration on method beforeSuite but has not been marked @Optional or defined
in C:\Users\nicolas.monetto\nicoself\Suite
... Removed 15 stack frames]]>
    </failure>
  </testcase> <!-- @BeforeSuite beforeSuite -->
  <testcase name="testBookingHome" time="0.006" classname="com.automation.training.tests.BookingTest">
    <skipped/>
  </testcase> <!-- testBookingHome -->
</testsuite> <!-- My first test -->
